[2024-08-16T08:57:43.614+0000] {local_task_job_runner.py:120} INFO - ::group::Pre task execution logs
[2024-08-16T08:57:43.635+0000] {taskinstance.py:2076} INFO - Dependencies all met for dep_context=non-requeueable deps ti=<TaskInstance: Prediction_Model.generate_output_file manual__2024-08-16T08:57:40.837584+00:00 [queued]>
[2024-08-16T08:57:43.647+0000] {taskinstance.py:2076} INFO - Dependencies all met for dep_context=requeueable deps ti=<TaskInstance: Prediction_Model.generate_output_file manual__2024-08-16T08:57:40.837584+00:00 [queued]>
[2024-08-16T08:57:43.648+0000] {taskinstance.py:2306} INFO - Starting attempt 1 of 1
[2024-08-16T08:57:43.664+0000] {taskinstance.py:2330} INFO - Executing <Task(PythonOperator): generate_output_file> on 2024-08-16 08:57:40.837584+00:00
[2024-08-16T08:57:43.675+0000] {warnings.py:112} WARNING - /home/***/.local/lib/python3.12/site-packages/***/task/task_runner/standard_task_runner.py:61: DeprecationWarning: This process (pid=596) is multi-threaded, use of fork() may lead to deadlocks in the child.
  pid = os.fork()

[2024-08-16T08:57:43.679+0000] {standard_task_runner.py:63} INFO - Started process 598 to run task
[2024-08-16T08:57:43.676+0000] {standard_task_runner.py:90} INFO - Running: ['***', 'tasks', 'run', 'Prediction_Model', 'generate_output_file', 'manual__2024-08-16T08:57:40.837584+00:00', '--job-id', '1120', '--raw', '--subdir', 'DAGS_FOLDER/Prediction_Model.py', '--cfg-path', '/tmp/tmpx32gefsm']
[2024-08-16T08:57:43.684+0000] {standard_task_runner.py:91} INFO - Job 1120: Subtask generate_output_file
[2024-08-16T08:57:43.756+0000] {task_command.py:426} INFO - Running <TaskInstance: Prediction_Model.generate_output_file manual__2024-08-16T08:57:40.837584+00:00 [running]> on host ubuntu
[2024-08-16T08:57:43.865+0000] {taskinstance.py:2648} INFO - Exporting env vars: AIRFLOW_CTX_DAG_OWNER='Ducky' AIRFLOW_CTX_DAG_ID='Prediction_Model' AIRFLOW_CTX_TASK_ID='generate_output_file' AIRFLOW_CTX_EXECUTION_DATE='2024-08-16T08:57:40.837584+00:00' AIRFLOW_CTX_TRY_NUMBER='1' AIRFLOW_CTX_DAG_RUN_ID='manual__2024-08-16T08:57:40.837584+00:00'
[2024-08-16T08:57:43.867+0000] {taskinstance.py:430} INFO - ::endgroup::
[2024-08-16T08:57:43.882+0000] {logging_mixin.py:188} INFO - Generated output file: Data_Weather-20240815.csv
[2024-08-16T08:57:43.882+0000] {logging_mixin.py:188} INFO - Execution Date: 2024-08-15
[2024-08-16T08:57:43.883+0000] {logging_mixin.py:188} INFO - <class 'pendulum.date.Date'>
[2024-08-16T08:57:43.905+0000] {xcom.py:675} ERROR - Object of type Date is not JSON serializable. If you are using pickle instead of JSON for XCom, then you need to enable pickle support for XCom in your *** config or make sure to decorate your object with attr.
[2024-08-16T08:57:43.906+0000] {taskinstance.py:441} INFO - ::group::Post task execution logs
[2024-08-16T08:57:43.907+0000] {taskinstance.py:2905} ERROR - Task failed with exception
Traceback (most recent call last):
  File "/home/airflow/.local/lib/python3.12/site-packages/airflow/utils/json.py", line 91, in default
    return serialize(o)
           ^^^^^^^^^^^^
  File "/home/airflow/.local/lib/python3.12/site-packages/airflow/serialization/serde.py", line 189, in serialize
    raise TypeError(f"cannot serialize object of type {cls}")
TypeError: cannot serialize object of type <class 'pendulum.date.Date'>

During handling of the above exception, another exception occurred:

Traceback (most recent call last):
  File "/home/airflow/.local/lib/python3.12/site-packages/airflow/models/taskinstance.py", line 465, in _execute_task
    result = _execute_callable(context=context, **execute_callable_kwargs)
             ^^^^^^^^^^^^^^^^^^^^^^^^^^^^^^^^^^^^^^^^^^^^^^^^^^^^^^^^^^^^^
  File "/home/airflow/.local/lib/python3.12/site-packages/airflow/models/taskinstance.py", line 432, in _execute_callable
    return execute_callable(context=context, **execute_callable_kwargs)
           ^^^^^^^^^^^^^^^^^^^^^^^^^^^^^^^^^^^^^^^^^^^^^^^^^^^^^^^^^^^^
  File "/home/airflow/.local/lib/python3.12/site-packages/airflow/models/baseoperator.py", line 401, in wrapper
    return func(self, *args, **kwargs)
           ^^^^^^^^^^^^^^^^^^^^^^^^^^^
  File "/home/airflow/.local/lib/python3.12/site-packages/airflow/operators/python.py", line 235, in execute
    return_value = self.execute_callable()
                   ^^^^^^^^^^^^^^^^^^^^^^^
  File "/home/airflow/.local/lib/python3.12/site-packages/airflow/operators/python.py", line 252, in execute_callable
    return self.python_callable(*self.op_args, **self.op_kwargs)
           ^^^^^^^^^^^^^^^^^^^^^^^^^^^^^^^^^^^^^^^^^^^^^^^^^^^^^
  File "/opt/airflow/dags/Prediction_Model.py", line 18, in generate_output_file
    kwargs['ti'].xcom_push(key='execution_date', value=execution_date)
  File "/home/airflow/.local/lib/python3.12/site-packages/airflow/utils/session.py", line 79, in wrapper
    return func(*args, session=session, **kwargs)
           ^^^^^^^^^^^^^^^^^^^^^^^^^^^^^^^^^^^^^^
  File "/home/airflow/.local/lib/python3.12/site-packages/airflow/models/taskinstance.py", line 3197, in xcom_push
    XCom.set(
  File "/home/airflow/.local/lib/python3.12/site-packages/airflow/utils/session.py", line 76, in wrapper
    return func(*args, **kwargs)
           ^^^^^^^^^^^^^^^^^^^^^
  File "/home/airflow/.local/lib/python3.12/site-packages/airflow/models/xcom.py", line 246, in set
    value = cls.serialize_value(
            ^^^^^^^^^^^^^^^^^^^^
  File "/home/airflow/.local/lib/python3.12/site-packages/airflow/models/xcom.py", line 673, in serialize_value
    return json.dumps(value, cls=XComEncoder).encode("UTF-8")
           ^^^^^^^^^^^^^^^^^^^^^^^^^^^^^^^^^^
  File "/usr/local/lib/python3.12/json/__init__.py", line 238, in dumps
    **kw).encode(obj)
          ^^^^^^^^^^^
  File "/home/airflow/.local/lib/python3.12/site-packages/airflow/utils/json.py", line 104, in encode
    return super().encode(o)
           ^^^^^^^^^^^^^^^^^
  File "/usr/local/lib/python3.12/json/encoder.py", line 200, in encode
    chunks = self.iterencode(o, _one_shot=True)
             ^^^^^^^^^^^^^^^^^^^^^^^^^^^^^^^^^^
  File "/usr/local/lib/python3.12/json/encoder.py", line 258, in iterencode
    return _iterencode(o, 0)
           ^^^^^^^^^^^^^^^^^
  File "/home/airflow/.local/lib/python3.12/site-packages/airflow/utils/json.py", line 93, in default
    return super().default(o)
           ^^^^^^^^^^^^^^^^^^
  File "/usr/local/lib/python3.12/json/encoder.py", line 180, in default
    raise TypeError(f'Object of type {o.__class__.__name__} '
TypeError: Object of type Date is not JSON serializable
[2024-08-16T08:57:43.924+0000] {taskinstance.py:1206} INFO - Marking task as FAILED. dag_id=Prediction_Model, task_id=generate_output_file, run_id=manual__2024-08-16T08:57:40.837584+00:00, execution_date=20240816T085740, start_date=20240816T085743, end_date=20240816T085743
[2024-08-16T08:57:43.941+0000] {standard_task_runner.py:110} ERROR - Failed to execute job 1120 for task generate_output_file (Object of type Date is not JSON serializable; 598)
[2024-08-16T08:57:43.974+0000] {local_task_job_runner.py:240} INFO - Task exited with return code 1
[2024-08-16T08:57:44.022+0000] {taskinstance.py:3503} INFO - 0 downstream tasks scheduled from follow-on schedule check
[2024-08-16T08:57:44.032+0000] {local_task_job_runner.py:222} INFO - ::endgroup::
